C51 COMPILER V9.01   LED                                                                   09/21/2014 22:22:35 PAGE 1   


C51 COMPILER V9.01, COMPILATION OF MODULE LED
OBJECT MODULE PLACED IN LED.OBJ
COMPILER INVOKED BY: C:\Program Files\Keil\C51\BIN\C51.EXE LED.c BROWSE DEBUG OBJECTEXTEND TABS(2)

line level    source

   1          #include <REG51.h>
   2          
   3          sbit LED1 = P1^0;
   4          sbit LED2 = P1^1;
   5          sbit ROW3 = P0^3;
   6          sbit KEY1 = P0^6;
   7          
   8          bit flag1, flag2;
   9          unsigned short counter1, counter2;
  10          
  11          void delay(void)
  12          {
  13   1        volatile unsigned int n;  // prevent compiler omission
  14   1        
  15   1        for (n=0; n<2500; n++) {}
  16   1      }
  17          
  18          void T0Start() {
  19   1        TMOD=0x02;
  20   1        TH0=0x05;     // 250us
  21   1        IE=0x82;
  22   1        TR0=1;
  23   1      }
  24          
  25          void T0Event(void) interrupt 1 using 3 {
  26   1        if (flag1)
  27   1        {
  28   2          if (--counter1==0)
  29   2          {
  30   3            LED1 = 1;   // switch off LED 1
  31   3            flag1 = 0;  // bath empty
  32   3          }
  33   2        }
  34   1        if (flag2)
  35   1        {
  36   2          if (--counter2==0)
  37   2          {
  38   3            LED2 = 1;   // switch off LED 1
  39   3            flag2 = 0;  // bath empty
  40   3          }
  41   2        }
  42   1      }
  43          
  44          void BathStart(void) {
  45   1        if (flag1==0)       // bath 1 ready
  46   1        {
  47   2          LED1 = 0;         // switch on LED 1
  48   2          flag1 = 1;        // bath full
  49   2          counter1 = 4000;  // counter: 1s = 4000*250us
  50   2        }
  51   1        else
  52   1        {
  53   2          if (flag2==0)       // bath 2 ready
  54   2          {
  55   3            LED2 = 0;         // switch on LED 2
C51 COMPILER V9.01   LED                                                                   09/21/2014 22:22:35 PAGE 2   

  56   3            flag2 = 1;        // bath full
  57   3            counter2 = 4000;  // counter: 1s = 4000*250us
  58   3          }
  59   2        }
  60   1      }
  61          
  62          void main(void) {
  63   1        P1 = 0xFF;
  64   1        P2 = 0xFF;
  65   1        P0 |= 0x7F; 
  66   1        ROW3 = 0;
  67   1        flag1 = 0;    // bath 1 empty
  68   1        flag2 = 0;    // bath 2 empty
  69   1        T0Start();
  70   1        while (1)
  71   1        {
  72   2          if ((flag1==0 || flag2==0) && KEY1==0)  // check key 1
  73   2          {
  74   3            BathStart();
  75   3            delay();      // de-bounce
  76   3          }
  77   2        }
  78   1      }


MODULE INFORMATION:   STATIC OVERLAYABLE
   CODE SIZE        =    144    ----
   CONSTANT SIZE    =   ----    ----
   XDATA SIZE       =   ----    ----
   PDATA SIZE       =   ----    ----
   DATA SIZE        =      4       2
   IDATA SIZE       =   ----    ----
   BIT SIZE         =      2    ----
END OF MODULE INFORMATION.


C51 COMPILATION COMPLETE.  0 WARNING(S),  0 ERROR(S)
