C51 COMPILER V9.01   LED                                                                   09/21/2014 15:18:16 PAGE 1   


C51 COMPILER V9.01, COMPILATION OF MODULE LED
OBJECT MODULE PLACED IN LED.OBJ
COMPILER INVOKED BY: C:\Program Files\Keil\C51\BIN\C51.EXE LED.c BROWSE DEBUG OBJECTEXTEND TABS(2)

line level    source

   1          #include <REG51.h>
   2          
   3          void delay(void)
   4          {
   5   1        volatile unsigned char n; // prevent compiler omission
   6   1        
   7   1        for (n=0; n<250; n++) {}
   8   1      }
   9          
  10          sbit LED = P1^0;
  11          sbit SWITCH = P2^0;
  12          
  13          void main(void)
  14          {
  15   1        LED = 1;      // LED off (high)
  16   1        SWITCH = 1;   // switch off (high)
  17   1        
  18   1        while (1)
  19   1        {
  20   2          if (SWITCH)   // check switch (low)
  21   2            LED = 1;    // if not : LED off (high)
  22   2          else
  23   2          {
  24   3            LED = 0;    // LED on (low)
  25   3            delay();    // switch de-bounce
  26   3          }
  27   2        }
  28   1      }


MODULE INFORMATION:   STATIC OVERLAYABLE
   CODE SIZE        =     29    ----
   CONSTANT SIZE    =   ----    ----
   XDATA SIZE       =   ----    ----
   PDATA SIZE       =   ----    ----
   DATA SIZE        =   ----       1
   IDATA SIZE       =   ----    ----
   BIT SIZE         =   ----    ----
END OF MODULE INFORMATION.


C51 COMPILATION COMPLETE.  0 WARNING(S),  0 ERROR(S)
