C51 COMPILER V9.01   LED                                                                   09/17/2014 23:29:48 PAGE 1   


C51 COMPILER V9.01, COMPILATION OF MODULE LED
OBJECT MODULE PLACED IN LED.OBJ
COMPILER INVOKED BY: C:\Program Files\Keil\C51\BIN\C51.EXE LED.c BROWSE DEBUG OBJECTEXTEND TABS(2)

line level    source

   1          #include <REG51.h>
   2          
   3          void T1Start()
   4          {
   5   1        TMOD=0x20;
   6   1        TH1=0x5;
   7   1        TF1=0;
   8   1        TR1=1;
   9   1      }
  10          
  11          void T1Wait()
  12          {
  13   1        while (TF1==0);
  14   1        TF1=0;
  15   1      }
  16          
  17          void main(void) {
  18   1        T1Start();
  19   1        while (1)
  20   1        {
  21   2          P1=0x00;
  22   2          T1Wait();
  23   2          P1=0xff;
  24   2          T1Wait();
  25   2        }
  26   1      }


MODULE INFORMATION:   STATIC OVERLAYABLE
   CODE SIZE        =     34    ----
   CONSTANT SIZE    =   ----    ----
   XDATA SIZE       =   ----    ----
   PDATA SIZE       =   ----    ----
   DATA SIZE        =   ----    ----
   IDATA SIZE       =   ----    ----
   BIT SIZE         =   ----    ----
END OF MODULE INFORMATION.


C51 COMPILATION COMPLETE.  0 WARNING(S),  0 ERROR(S)
