C51 COMPILER V9.60.0.0   LED                                                               07/26/2020 14:41:49 PAGE 1   


C51 COMPILER V9.60.0.0, COMPILATION OF MODULE LED
OBJECT MODULE PLACED IN LED.OBJ
COMPILER INVOKED BY: C:\Keil_v5\C51\BIN\C51.EXE LED.c OPTIMIZE(8,SPEED) BROWSE DEBUG OBJECTEXTEND TABS(2)

line level    source

   1          #include <REG51.h>
   2          #include <stdio.h>
   3          
   4          sbit ADC_WR = P3^6;
   5          sbit ADC_RD = P3^7;
   6          sbit DAC_WR = P0^7;
   7          
   8          // ROM - Stored in table
   9          // 11000000B  : 0
  10          // 11111001B  : 1
  11          // 10100100B  : 2
  12          // 10110000B  : 3
  13          // 10011001B  : 4
  14          
  15          unsigned char val _at_ 0x70;
  16          
  17          code unsigned char table[] = {0xC0,0xF9,0xA4,0xB0,0x99,0x92};
  18          
  19          void int0(void) interrupt 0 using 3
  20          {
  21   1        ADC_RD = 0; // enable ADC read
  22   1        val = P2; // read data from ADC and write into RAM address 70H
  23   1        ADC_RD = 1; // disable ADC read
  24   1        ADC_WR = 0; // enable ADC write
  25   1        ADC_WR = 1; // disable ADC write
  26   1        
  27   1        // Variable val is compared with the voltage levels,
  28   1        // 0V - 0.99V -> represents 0 in 7 segment LEDs
  29   1        // 1V - 1.99V -> represents 1 in 7 segment LEDs
  30   1        // 2V - 2.99V -> represents 2 in 7 segment LEDs
  31   1        // 3V - 3.99V -> represents 3 in 7 segment LEDs
  32   1        // 4V - 4.99V -> represents 4 in 7 segment LEDs
  33   1        // greater than 4.99 -> represents 5 in 7 segment LEDs
  34   1        
  35   1        if(val >= 103 && val <= 153){
  36   2          P1 = table[2];
  37   2        }
  38   1        else if(val >= 154 && val <= 204) {
  39   2          P1 = table[3];
  40   2        }
  41   1        else if(val >= 0 && val <= 51){
  42   2          P1 = table[0];
  43   2        }
  44   1        else if(val >= 52 && val <= 102){
  45   2          P1 = table[1];
  46   2        }
  47   1        
  48   1        else if(val >= 205 && val <= 254){
  49   2          P1 = table[4];
  50   2        }
  51   1        else if(val > 254){
  52   2          P1 = table[5];
  53   2        }
  54   1        
  55   1      }
C51 COMPILER V9.60.0.0   LED                                                               07/26/2020 14:41:49 PAGE 2   

  56          void main(void)
  57          {
  58   1        TCON = 1; // INT0 edge mode
  59   1        IE = 0x81; // INT0 enable
  60   1        ADC_WR = 0; // enable ADC write
  61   1        ADC_WR = 1; // disable ADC write
  62   1        while (1);
  63   1      }


MODULE INFORMATION:   STATIC OVERLAYABLE
   CODE SIZE        =    202    ----
   CONSTANT SIZE    =      6    ----
   XDATA SIZE       =   ----    ----
   PDATA SIZE       =   ----    ----
   DATA SIZE        =   ----    ----
   IDATA SIZE       =   ----    ----
   BIT SIZE         =   ----    ----
END OF MODULE INFORMATION.


C51 COMPILATION COMPLETE.  0 WARNING(S),  0 ERROR(S)
