C51 COMPILER V9.01   LED                                                                   09/21/2014 22:23:29 PAGE 1   


C51 COMPILER V9.01, COMPILATION OF MODULE LED
OBJECT MODULE PLACED IN LED.OBJ
COMPILER INVOKED BY: C:\Program Files\Keil\C51\BIN\C51.EXE LED.c BROWSE DEBUG OBJECTEXTEND TABS(2)

line level    source

   1          #include <REG51.h>
   2          
   3          sbit LED1 = P1^0;
   4          sbit ROW3 = P0^3;
   5          sbit KEY1 = P0^6;
   6          
   7          bit flag;
   8          unsigned short counter;
   9          
  10          void delay(void)
  11          {
  12   1        volatile unsigned int n;  // prevent compiler omission
  13   1        
  14   1        for (n=0; n<2500; n++) {}
  15   1      }
  16          
  17          void T0Start() {
  18   1        TMOD=0x02;
  19   1        TH0=0x05;     // 250us
  20   1        IE=0x82;
  21   1        TR0=1;
  22   1      }
  23          
  24          void T0Event(void) interrupt 1 using 3 {
  25   1        if (flag)
  26   1        {
  27   2          if (--counter==0)
  28   2          {
  29   3            LED1 = 1;   // switch off LED 1
  30   3            flag = 0;   // bath empty
  31   3          }
  32   2        }
  33   1      }
  34          
  35          void BathStart(void) {
  36   1        LED1 = 0;     // switch on LED 1
  37   1        flag = 1;     // bath full
  38   1        counter = 4000; // counter: 1s = 4000*250us
  39   1      }
  40          
  41          void main(void) {
  42   1        P1 = 0xFF;
  43   1        P2 = 0xFF;
  44   1        P0 |= 0x7F; 
  45   1        ROW3 = 0;
  46   1        flag = 0;     // bath empty
  47   1        T0Start();
  48   1        while (1)
  49   1        {
  50   2          if (!flag && KEY1==0) // check key 1
  51   2          {
  52   3            BathStart();
  53   3            delay();      // de-bounce
  54   3          }
  55   2        }
C51 COMPILER V9.01   LED                                                                   09/21/2014 22:23:29 PAGE 2   

  56   1      }


MODULE INFORMATION:   STATIC OVERLAYABLE
   CODE SIZE        =    102    ----
   CONSTANT SIZE    =   ----    ----
   XDATA SIZE       =   ----    ----
   PDATA SIZE       =   ----    ----
   DATA SIZE        =      2       2
   IDATA SIZE       =   ----    ----
   BIT SIZE         =      1    ----
END OF MODULE INFORMATION.


C51 COMPILATION COMPLETE.  0 WARNING(S),  0 ERROR(S)
