C51 COMPILER V9.01   LED                                                                   09/17/2014 23:27:30 PAGE 1   


C51 COMPILER V9.01, COMPILATION OF MODULE LED
OBJECT MODULE PLACED IN LED.OBJ
COMPILER INVOKED BY: C:\Program Files\Keil\C51\BIN\C51.EXE LED.C BROWSE DEBUG OBJECTEXTEND TABS(2)

line level    source

   1          #include <reg51.h>
   2          
   3          extern void LCD_init(void);
   4          extern void LCD_send(unsigned char);
   5          
   6          char str[] = "Hello world ...";
   7          
   8          void main(void)
   9          {
  10   1        char ch, idx = 0;
  11   1        
  12   1        LCD_init();
  13   1        
  14   1        while ((ch = str[idx++]) != 0)
  15   1        {
  16   2          LCD_send(ch);
  17   2        }
  18   1        
  19   1        while (1);
  20   1      }


MODULE INFORMATION:   STATIC OVERLAYABLE
   CODE SIZE        =     27    ----
   CONSTANT SIZE    =   ----    ----
   XDATA SIZE       =   ----    ----
   PDATA SIZE       =   ----    ----
   DATA SIZE        =     16       2
   IDATA SIZE       =   ----    ----
   BIT SIZE         =   ----    ----
END OF MODULE INFORMATION.


C51 COMPILATION COMPLETE.  0 WARNING(S),  0 ERROR(S)
