C51 COMPILER V9.60.0.0   LED                                                               07/26/2020 14:36:29 PAGE 1   


C51 COMPILER V9.60.0.0, COMPILATION OF MODULE LED
OBJECT MODULE PLACED IN LED.OBJ
COMPILER INVOKED BY: C:\Keil_v5\C51\BIN\C51.EXE LED.c OPTIMIZE(8,SPEED) BROWSE DEBUG OBJECTEXTEND TABS(2)

line level    source

   1          #include <REG51.h>
   2          #include <stdio.h>
   3          
   4          sbit ADC_WR = P3^6;
   5          sbit ADC_RD = P3^7;
   6           // 8 LEDs declaration
   7          sbit LED0 = P1^0;
   8          sbit LED1 = P1^1;
   9          sbit LED2 = P1^2;
  10          sbit LED3 = P1^3;
  11          sbit LED4 = P1^4;
  12          sbit LED5 = P1^5;
  13          sbit LED6 = P1^6;
  14          sbit LED7 = P1^7;
  15          
  16          unsigned char val _at_ 0x70;
  17          unsigned int dec;
  18          
  19          void int0(void) interrupt 0 using 3
  20          {
  21   1        ADC_RD = 0; // enable ADC read
  22   1        val = P2; // read data from ADC and write into RAM address 70H
  23   1        ADC_RD = 1; // disable ADC read
  24   1        ADC_WR = 0; // enable ADC write
  25   1        ADC_WR = 1; // disable ADC write
  26   1        
  27   1        // value in val variable is compared with the 8 divided levels between 0V to 5V and blinks the LEDs accor
             -dingly
  28   1        // which specifies the level
  29   1        
  30   1        if(val < 32){ 
  31   2          LED0 = 0;
  32   2          LED1 = 1;
  33   2          LED2 = 1;
  34   2          LED3 = 1;
  35   2          LED4 = 1;
  36   2          LED5 = 1;
  37   2          LED6 = 1;
  38   2          LED7 = 1;
  39   2        }
  40   1        else if(val < 64){
  41   2          LED0 = 0;
  42   2          LED1 = 0;
  43   2          LED2 = 1;
  44   2          LED3 = 1;
  45   2          LED4 = 1;
  46   2          LED5 = 1;
  47   2          LED6 = 1;
  48   2          LED7 = 1;
  49   2        }
  50   1        else if(val < 96){
  51   2          LED0 = 0;
  52   2          LED1 = 0;
  53   2          LED2 = 0;
  54   2          LED3 = 1;
C51 COMPILER V9.60.0.0   LED                                                               07/26/2020 14:36:29 PAGE 2   

  55   2          LED4 = 1;
  56   2          LED5 = 1;
  57   2          LED6 = 1;
  58   2          LED7 = 1;
  59   2        }
  60   1        else if(val < 128){
  61   2          LED0 = 0;
  62   2          LED1 = 0;
  63   2          LED2 = 0;
  64   2          LED3 = 0;
  65   2          LED4 = 1;
  66   2          LED5 = 1;
  67   2          LED6 = 1;
  68   2          LED7 = 1;
  69   2        }
  70   1        else if(val < 160){
  71   2          LED0 = 0;
  72   2          LED1 = 0;
  73   2          LED2 = 0;
  74   2          LED3 = 0;
  75   2          LED4 = 0;
  76   2          LED5 = 1;
  77   2          LED6 = 1;
  78   2          LED7 = 1;
  79   2        }
  80   1        
  81   1        else if(val < 192){
  82   2          LED0 = 0;
  83   2          LED1 = 0;
  84   2          LED2 = 0;
  85   2          LED3 = 0;
  86   2          LED4 = 0;
  87   2          LED5 = 0;
  88   2          LED6 = 1;
  89   2          LED7 = 1;
  90   2        }
  91   1        else if(val < 224){
  92   2          LED0 = 0;
  93   2          LED1 = 0;
  94   2          LED2 = 0;
  95   2          LED3 = 0;
  96   2          LED4 = 0;
  97   2          LED5 = 0;
  98   2          LED6 = 0;
  99   2          LED7 = 1;
 100   2        }
 101   1        else if(val < 256){
 102   2          LED0 = 0;
 103   2          LED1 = 0;
 104   2          LED2 = 0;
 105   2          LED3 = 0;
 106   2          LED4 = 0;
 107   2          LED5 = 0;
 108   2          LED6 = 0;
 109   2          LED7 = 0;
 110   2        }
 111   1        else{
 112   2          LED0 = 1;
 113   2          LED1 = 1;
 114   2          LED2 = 1;
 115   2          LED3 = 1;
 116   2          LED4 = 1;
C51 COMPILER V9.60.0.0   LED                                                               07/26/2020 14:36:29 PAGE 3   

 117   2          LED5 = 1;
 118   2          LED6 = 1;
 119   2          LED7 = 1;
 120   2        }
 121   1        
 122   1        
 123   1      }
 124          void main(void)
 125          {
 126   1        TCON = 1; // INT0 edge mode
 127   1        IE = 0x81; // INT0 enable
 128   1        ADC_WR = 0; // enable ADC write
 129   1        ADC_WR = 1; // disable ADC write
 130   1        while (1);
 131   1      }


MODULE INFORMATION:   STATIC OVERLAYABLE
   CODE SIZE        =    232    ----
   CONSTANT SIZE    =   ----    ----
   XDATA SIZE       =   ----    ----
   PDATA SIZE       =   ----    ----
   DATA SIZE        =      2    ----
   IDATA SIZE       =   ----    ----
   BIT SIZE         =   ----    ----
END OF MODULE INFORMATION.


C51 COMPILATION COMPLETE.  0 WARNING(S),  0 ERROR(S)
